<?xml version="1.0" encoding="UTF-8"?>
<robot generator="Robot 6.1 (Python 3.11.3 on win32)" generated="20230613 16:38:11.140" rpa="false" schemaversion="4">
<suite id="s1" name="Projet Robotframework" source="C:\POEC Testing\Projet_Robotframework">
<suite id="s1-s1" name="Testsuites" source="C:\POEC Testing\Projet_Robotframework\testsuites">
<suite id="s1-s1-s1" name="Robot004Feature" source="C:\POEC Testing\Projet_Robotframework\testsuites\Robot004Feature.robot">
<test id="s1-s1-s1-t1" name="Mon sixieme Test" line="59">
<kw name="Create List" library="BuiltIn">
<var>@{MaListeDeVehicules}</var>
<arg>Voiture</arg>
<arg>Avion</arg>
<arg>Train</arg>
<arg>Vélo</arg>
<doc>Returns a list containing given items.</doc>
<msg timestamp="20230613 16:38:11.171" level="INFO">@{MaListeDeVehicules} = [ Voiture | Avion | Train | Vélo ]</msg>
<status status="PASS" starttime="20230613 16:38:11.171" endtime="20230613 16:38:11.171"/>
</kw>
<kw name="Log" library="BuiltIn">
<arg>${MaListeDeVehicules}</arg>
<doc>Logs the given message with the given level.</doc>
<msg timestamp="20230613 16:38:11.171" level="INFO">['Voiture', 'Avion', 'Train', 'Vélo']</msg>
<status status="PASS" starttime="20230613 16:38:11.171" endtime="20230613 16:38:11.171"/>
</kw>
<for flavor="IN">
<var>${Vehicule}</var>
<value>@{MaListeDeVehicules}</value>
<iter>
<var name="${Vehicule}">Voiture</var>
<kw name="Log" library="BuiltIn">
<arg>${Vehicule}</arg>
<doc>Logs the given message with the given level.</doc>
<msg timestamp="20230613 16:38:11.171" level="INFO">Voiture</msg>
<status status="PASS" starttime="20230613 16:38:11.171" endtime="20230613 16:38:11.171"/>
</kw>
<status status="PASS" starttime="20230613 16:38:11.171" endtime="20230613 16:38:11.171"/>
</iter>
<iter>
<var name="${Vehicule}">Avion</var>
<kw name="Log" library="BuiltIn">
<arg>${Vehicule}</arg>
<doc>Logs the given message with the given level.</doc>
<msg timestamp="20230613 16:38:11.171" level="INFO">Avion</msg>
<status status="PASS" starttime="20230613 16:38:11.171" endtime="20230613 16:38:11.171"/>
</kw>
<status status="PASS" starttime="20230613 16:38:11.171" endtime="20230613 16:38:11.171"/>
</iter>
<iter>
<var name="${Vehicule}">Train</var>
<kw name="Log" library="BuiltIn">
<arg>${Vehicule}</arg>
<doc>Logs the given message with the given level.</doc>
<msg timestamp="20230613 16:38:11.171" level="INFO">Train</msg>
<status status="PASS" starttime="20230613 16:38:11.171" endtime="20230613 16:38:11.171"/>
</kw>
<status status="PASS" starttime="20230613 16:38:11.171" endtime="20230613 16:38:11.171"/>
</iter>
<iter>
<var name="${Vehicule}">Vélo</var>
<kw name="Log" library="BuiltIn">
<arg>${Vehicule}</arg>
<doc>Logs the given message with the given level.</doc>
<msg timestamp="20230613 16:38:11.171" level="INFO">Vélo</msg>
<status status="PASS" starttime="20230613 16:38:11.171" endtime="20230613 16:38:11.171"/>
</kw>
<status status="PASS" starttime="20230613 16:38:11.171" endtime="20230613 16:38:11.171"/>
</iter>
<status status="PASS" starttime="20230613 16:38:11.171" endtime="20230613 16:38:11.171"/>
</for>
<kw name="Log" library="BuiltIn">
<arg>Sortie de boucle</arg>
<doc>Logs the given message with the given level.</doc>
<msg timestamp="20230613 16:38:11.171" level="INFO">Sortie de boucle</msg>
<status status="PASS" starttime="20230613 16:38:11.171" endtime="20230613 16:38:11.171"/>
</kw>
<doc>Utilisation de Create List</doc>
<tag>Test6</tag>
<status status="PASS" starttime="20230613 16:38:11.171" endtime="20230613 16:38:11.171"/>
</test>
<doc>Exercices Robot Framework</doc>
<status status="PASS" starttime="20230613 16:38:11.171" endtime="20230613 16:38:11.171"/>
</suite>
<status status="PASS" starttime="20230613 16:38:11.155" endtime="20230613 16:38:11.171"/>
</suite>
<status status="PASS" starttime="20230613 16:38:11.140" endtime="20230613 16:38:11.171"/>
</suite>
<statistics>
<total>
<stat pass="1" fail="0" skip="0">All Tests</stat>
</total>
<tag>
<stat pass="1" fail="0" skip="0">Test6</stat>
</tag>
<suite>
<stat pass="1" fail="0" skip="0" id="s1" name="Projet Robotframework">Projet Robotframework</stat>
<stat pass="1" fail="0" skip="0" id="s1-s1" name="Testsuites">Projet Robotframework.Testsuites</stat>
<stat pass="1" fail="0" skip="0" id="s1-s1-s1" name="Robot004Feature">Projet Robotframework.Testsuites.Robot004Feature</stat>
</suite>
</statistics>
<errors>
</errors>
</robot>
